2025-03-19 16:00:32,964 [INFO] root: Found category: UB
2025-03-19 16:00:32,965 [INFO] root: Found category: ドア
2025-03-19 16:00:32,966 [INFO] root: Found round: ラウンド01 in category UB
2025-03-19 16:00:32,970 [INFO] root: Processing CSV files in C:\Users\nguyen-duy-phong\Downloads\infura_data\0314\UB\ラウンド01 for category UB
2025-03-19 16:00:32,977 [INFO] root: Successfully read and processed CSV file: C:\Users\nguyen-duy-phong\Downloads\infura_data\0314\UB\ラウンド01\ボ欠時間\2025\03\ub_r01_boketsu_20250313.csv
2025-03-19 16:00:32,980 [INFO] root: Successfully read and processed CSV file: C:\Users\nguyen-duy-phong\Downloads\infura_data\0314\UB\ラウンド01\ボ満時間\2025\03\ub_r01_boman_20250313.csv
2025-03-19 16:00:32,982 [INFO] root: Successfully read and processed CSV file: C:\Users\nguyen-duy-phong\Downloads\infura_data\0314\UB\ラウンド01\台数\2025\03\ub_r01_daisu_20250313.csv
2025-03-19 16:00:32,988 [INFO] root: Successfully read and processed CSV file: C:\Users\nguyen-duy-phong\Downloads\infura_data\0314\UB\ラウンド01\異常停止時間\2025\03\ub_r01_em_time_20250313.csv
2025-03-19 16:00:32,991 [INFO] root: Successfully read and processed CSV file: C:\Users\nguyen-duy-phong\Downloads\infura_data\0314\UB\ラウンド01\職制呼出回数\2025\03\ub_r01_shokusei_yobidashi_20250313.csv
2025-03-19 16:00:32,993 [INFO] root: Successfully read and processed CSV file: C:\Users\nguyen-duy-phong\Downloads\infura_data\0314\UB\ラウンド01\職制呼出時間\2025\03\ub_r01_sei_yobidashi_20250313.csv
2025-03-19 16:00:45,241 [INFO] root: Found round: ラウンド01 in category ドア
2025-03-19 16:00:45,247 [INFO] root: Processing CSV files in C:\Users\nguyen-duy-phong\Downloads\infura_data\0314\ドア\ラウンド01 for category ドア
2025-03-19 16:00:45,253 [INFO] root: Successfully read and processed CSV file: C:\Users\nguyen-duy-phong\Downloads\infura_data\0314\ドア\ラウンド01\ボ欠時間\2025\03\door_r01_boketsu_20250313.csv
2025-03-19 16:00:45,255 [INFO] root: Successfully read and processed CSV file: C:\Users\nguyen-duy-phong\Downloads\infura_data\0314\ドア\ラウンド01\ボ満時間\2025\03\door_r01_boman_20250313.csv
2025-03-19 16:00:45,258 [INFO] root: Successfully read and processed CSV file: C:\Users\nguyen-duy-phong\Downloads\infura_data\0314\ドア\ラウンド01\台数\2025\03\door_r01_daisu_20250313.csv
2025-03-19 16:00:45,264 [INFO] root: Successfully read and processed CSV file: C:\Users\nguyen-duy-phong\Downloads\infura_data\0314\ドア\ラウンド01\異常停止時間\2025\03\door_r01_em_time_20250313.csv
2025-03-19 16:00:45,266 [INFO] root: Successfully read and processed CSV file: C:\Users\nguyen-duy-phong\Downloads\infura_data\0314\ドア\ラウンド01\職制呼出回数\2025\03\door_r01_shokusei_yobidashi_20250313.csv
2025-03-19 16:00:45,269 [INFO] root: Successfully read and processed CSV file: C:\Users\nguyen-duy-phong\Downloads\infura_data\0314\ドア\ラウンド01\職制呼出時間\2025\03\door_r01_sei_yobidashi_20250313.csv
2025-03-19 16:16:44,369 [INFO] root: Found category: UB
2025-03-19 16:16:44,369 [INFO] root: Found category: ドア
2025-03-19 16:16:44,369 [INFO] root: Found round: ラウンド01 in category UB
2025-03-19 16:16:44,369 [INFO] root: Processing CSV files in C:\Users\nguyen-duy-phong\Downloads\infura_data\0314\UB\ラウンド01 for category UB
2025-03-19 16:16:44,369 [ERROR] root: Error processing C:\Users\nguyen-duy-phong\Downloads\infura_data\0314\UB\ラウンド01\ボ欠時間\2025\03\ub_r01_boketsu_20250313.csv: DataProcessor.divide_100_convert_int() takes 2 positional arguments but 3 were given
Traceback (most recent call last):
  File "c:\Users\nguyen-duy-phong\Documents\inabe_lstm_app\SQL\data_processor.py", line 42, in read_and_process_csv
    df = self.divide_100_convert_int(df, file_path)
         ^^^^^^^^^^^^^^^^^^^^^^^^^^^^^^^^^^^^^^^^^^
TypeError: DataProcessor.divide_100_convert_int() takes 2 positional arguments but 3 were given
2025-03-19 16:16:44,369 [ERROR] root: A error: DataProcessor.divide_100_convert_int() takes 2 positional arguments but 3 were given
Traceback (most recent call last):
  File "c:\Users\nguyen-duy-phong\Documents\inabe_lstm_app\SQL\main_app.py", line 112, in process_csv_files
    df = self.data_processor.read_and_process_csv(file_path)
         ^^^^^^^^^^^^^^^^^^^^^^^^^^^^^^^^^^^^^^^^^^^^^^^^^^^
  File "c:\Users\nguyen-duy-phong\Documents\inabe_lstm_app\SQL\data_processor.py", line 42, in read_and_process_csv
    df = self.divide_100_convert_int(df, file_path)
         ^^^^^^^^^^^^^^^^^^^^^^^^^^^^^^^^^^^^^^^^^^
TypeError: DataProcessor.divide_100_convert_int() takes 2 positional arguments but 3 were given
2025-03-19 16:16:44,387 [INFO] root: Found round: ラウンド01 in category ドア
2025-03-19 16:16:44,390 [INFO] root: Processing CSV files in C:\Users\nguyen-duy-phong\Downloads\infura_data\0314\ドア\ラウンド01 for category ドア
2025-03-19 16:16:44,393 [ERROR] root: Error processing C:\Users\nguyen-duy-phong\Downloads\infura_data\0314\ドア\ラウンド01\ボ欠時間\2025\03\door_r01_boketsu_20250313.csv: DataProcessor.divide_100_convert_int() takes 2 positional arguments but 3 were given
Traceback (most recent call last):
  File "c:\Users\nguyen-duy-phong\Documents\inabe_lstm_app\SQL\data_processor.py", line 42, in read_and_process_csv
    df = self.divide_100_convert_int(df, file_path)
         ^^^^^^^^^^^^^^^^^^^^^^^^^^^^^^^^^^^^^^^^^^
TypeError: DataProcessor.divide_100_convert_int() takes 2 positional arguments but 3 were given
2025-03-19 16:16:44,394 [ERROR] root: A error: DataProcessor.divide_100_convert_int() takes 2 positional arguments but 3 were given
Traceback (most recent call last):
  File "c:\Users\nguyen-duy-phong\Documents\inabe_lstm_app\SQL\main_app.py", line 112, in process_csv_files
    df = self.data_processor.read_and_process_csv(file_path)
         ^^^^^^^^^^^^^^^^^^^^^^^^^^^^^^^^^^^^^^^^^^^^^^^^^^^
  File "c:\Users\nguyen-duy-phong\Documents\inabe_lstm_app\SQL\data_processor.py", line 42, in read_and_process_csv
    df = self.divide_100_convert_int(df, file_path)
         ^^^^^^^^^^^^^^^^^^^^^^^^^^^^^^^^^^^^^^^^^^
TypeError: DataProcessor.divide_100_convert_int() takes 2 positional arguments but 3 were given
2025-03-19 16:17:10,218 [INFO] root: Found category: UB
2025-03-19 16:17:10,234 [INFO] root: Found category: ドア
2025-03-19 16:17:10,234 [INFO] root: Found round: ラウンド01 in category UB
2025-03-19 16:17:10,239 [INFO] root: Processing CSV files in C:\Users\nguyen-duy-phong\Downloads\infura_data\0314\UB\ラウンド01 for category UB
2025-03-19 16:17:10,240 [INFO] root: Successfully read and processed CSV file: C:\Users\nguyen-duy-phong\Downloads\infura_data\0314\UB\ラウンド01\ボ欠時間\2025\03\ub_r01_boketsu_20250313.csv
2025-03-19 16:17:10,254 [INFO] root: Successfully read and processed CSV file: C:\Users\nguyen-duy-phong\Downloads\infura_data\0314\UB\ラウンド01\ボ満時間\2025\03\ub_r01_boman_20250313.csv
2025-03-19 16:17:10,257 [INFO] root: Successfully read and processed CSV file: C:\Users\nguyen-duy-phong\Downloads\infura_data\0314\UB\ラウンド01\台数\2025\03\ub_r01_daisu_20250313.csv
2025-03-19 16:17:10,257 [INFO] root: Successfully read and processed CSV file: C:\Users\nguyen-duy-phong\Downloads\infura_data\0314\UB\ラウンド01\異常停止時間\2025\03\ub_r01_em_time_20250313.csv
2025-03-19 16:17:10,257 [INFO] root: Successfully read and processed CSV file: C:\Users\nguyen-duy-phong\Downloads\infura_data\0314\UB\ラウンド01\職制呼出回数\2025\03\ub_r01_shokusei_yobidashi_20250313.csv
2025-03-19 16:17:10,275 [INFO] root: Successfully read and processed CSV file: C:\Users\nguyen-duy-phong\Downloads\infura_data\0314\UB\ラウンド01\職制呼出時間\2025\03\ub_r01_sei_yobidashi_20250313.csv
2025-03-19 16:17:10,287 [INFO] root: Found round: ラウンド01 in category ドア
2025-03-19 16:17:10,291 [INFO] root: Processing CSV files in C:\Users\nguyen-duy-phong\Downloads\infura_data\0314\ドア\ラウンド01 for category ドア
2025-03-19 16:17:10,296 [INFO] root: Successfully read and processed CSV file: C:\Users\nguyen-duy-phong\Downloads\infura_data\0314\ドア\ラウンド01\ボ欠時間\2025\03\door_r01_boketsu_20250313.csv
2025-03-19 16:17:10,300 [INFO] root: Successfully read and processed CSV file: C:\Users\nguyen-duy-phong\Downloads\infura_data\0314\ドア\ラウンド01\ボ満時間\2025\03\door_r01_boman_20250313.csv
2025-03-19 16:17:10,300 [INFO] root: Successfully read and processed CSV file: C:\Users\nguyen-duy-phong\Downloads\infura_data\0314\ドア\ラウンド01\台数\2025\03\door_r01_daisu_20250313.csv
2025-03-19 16:17:10,300 [INFO] root: Successfully read and processed CSV file: C:\Users\nguyen-duy-phong\Downloads\infura_data\0314\ドア\ラウンド01\異常停止時間\2025\03\door_r01_em_time_20250313.csv
2025-03-19 16:17:10,307 [INFO] root: Successfully read and processed CSV file: C:\Users\nguyen-duy-phong\Downloads\infura_data\0314\ドア\ラウンド01\職制呼出回数\2025\03\door_r01_shokusei_yobidashi_20250313.csv
2025-03-19 16:17:10,307 [INFO] root: Successfully read and processed CSV file: C:\Users\nguyen-duy-phong\Downloads\infura_data\0314\ドア\ラウンド01\職制呼出時間\2025\03\door_r01_sei_yobidashi_20250313.csv
2025-03-19 16:17:32,722 [INFO] root: Found category: UB
2025-03-19 16:17:32,722 [INFO] root: Found category: ドア
2025-03-19 16:17:32,722 [INFO] root: Found round: ラウンド01 in category UB
2025-03-19 16:17:32,729 [INFO] root: Processing CSV files in C:\Users\nguyen-duy-phong\Downloads\infura_data\0314\UB\ラウンド01 for category UB
2025-03-19 16:17:32,738 [INFO] root: Successfully read and processed CSV file: C:\Users\nguyen-duy-phong\Downloads\infura_data\0314\UB\ラウンド01\ボ欠時間\2025\03\ub_r01_boketsu_20250313.csv
2025-03-19 16:17:32,744 [INFO] root: Successfully read and processed CSV file: C:\Users\nguyen-duy-phong\Downloads\infura_data\0314\UB\ラウンド01\ボ満時間\2025\03\ub_r01_boman_20250313.csv
2025-03-19 16:17:32,745 [INFO] root: Successfully read and processed CSV file: C:\Users\nguyen-duy-phong\Downloads\infura_data\0314\UB\ラウンド01\台数\2025\03\ub_r01_daisu_20250313.csv
2025-03-19 16:17:32,745 [INFO] root: Successfully read and processed CSV file: C:\Users\nguyen-duy-phong\Downloads\infura_data\0314\UB\ラウンド01\異常停止時間\2025\03\ub_r01_em_time_20250313.csv
2025-03-19 16:17:32,760 [INFO] root: Successfully read and processed CSV file: C:\Users\nguyen-duy-phong\Downloads\infura_data\0314\UB\ラウンド01\職制呼出回数\2025\03\ub_r01_shokusei_yobidashi_20250313.csv
2025-03-19 16:17:32,762 [INFO] root: Successfully read and processed CSV file: C:\Users\nguyen-duy-phong\Downloads\infura_data\0314\UB\ラウンド01\職制呼出時間\2025\03\ub_r01_sei_yobidashi_20250313.csv
2025-03-19 16:17:32,783 [INFO] root: Found round: ラウンド01 in category ドア
2025-03-19 16:17:32,783 [INFO] root: Processing CSV files in C:\Users\nguyen-duy-phong\Downloads\infura_data\0314\ドア\ラウンド01 for category ドア
2025-03-19 16:17:32,792 [INFO] root: Successfully read and processed CSV file: C:\Users\nguyen-duy-phong\Downloads\infura_data\0314\ドア\ラウンド01\ボ欠時間\2025\03\door_r01_boketsu_20250313.csv
2025-03-19 16:17:32,797 [INFO] root: Successfully read and processed CSV file: C:\Users\nguyen-duy-phong\Downloads\infura_data\0314\ドア\ラウンド01\ボ満時間\2025\03\door_r01_boman_20250313.csv
2025-03-19 16:17:32,799 [INFO] root: Successfully read and processed CSV file: C:\Users\nguyen-duy-phong\Downloads\infura_data\0314\ドア\ラウンド01\台数\2025\03\door_r01_daisu_20250313.csv
2025-03-19 16:17:32,801 [INFO] root: Successfully read and processed CSV file: C:\Users\nguyen-duy-phong\Downloads\infura_data\0314\ドア\ラウンド01\異常停止時間\2025\03\door_r01_em_time_20250313.csv
2025-03-19 16:17:32,806 [INFO] root: Successfully read and processed CSV file: C:\Users\nguyen-duy-phong\Downloads\infura_data\0314\ドア\ラウンド01\職制呼出回数\2025\03\door_r01_shokusei_yobidashi_20250313.csv
2025-03-19 16:17:32,809 [INFO] root: Successfully read and processed CSV file: C:\Users\nguyen-duy-phong\Downloads\infura_data\0314\ドア\ラウンド01\職制呼出時間\2025\03\door_r01_sei_yobidashi_20250313.csv
2025-03-19 18:44:54,753 [INFO] root: Found category: UB
2025-03-19 18:44:54,754 [INFO] root: Found category: ドア
2025-03-19 18:44:54,754 [INFO] root: Found round: ラウンド01 in category UB
2025-03-19 18:44:54,769 [INFO] root: Processing CSV files in C:\Users\nguyen-duy-phong\Downloads\infura_data\0314\UB\ラウンド01 for category UB
2025-03-19 18:44:54,813 [INFO] root: Successfully read and processed CSV file: C:\Users\nguyen-duy-phong\Downloads\infura_data\0314\UB\ラウンド01\ボ欠時間\2025\03\ub_r01_boketsu_20250313.csv
2025-03-19 18:44:54,823 [INFO] root: Successfully read and processed CSV file: C:\Users\nguyen-duy-phong\Downloads\infura_data\0314\UB\ラウンド01\ボ満時間\2025\03\ub_r01_boman_20250313.csv
2025-03-19 18:44:54,827 [INFO] root: Successfully read and processed CSV file: C:\Users\nguyen-duy-phong\Downloads\infura_data\0314\UB\ラウンド01\台数\2025\03\ub_r01_daisu_20250313.csv
2025-03-19 18:44:54,834 [INFO] root: Successfully read and processed CSV file: C:\Users\nguyen-duy-phong\Downloads\infura_data\0314\UB\ラウンド01\異常停止時間\2025\03\ub_r01_em_time_20250313.csv
2025-03-19 18:44:54,851 [INFO] root: Successfully read and processed CSV file: C:\Users\nguyen-duy-phong\Downloads\infura_data\0314\UB\ラウンド01\職制呼出回数\2025\03\ub_r01_shokusei_yobidashi_20250313.csv
2025-03-19 18:44:54,857 [INFO] root: Successfully read and processed CSV file: C:\Users\nguyen-duy-phong\Downloads\infura_data\0314\UB\ラウンド01\職制呼出時間\2025\03\ub_r01_sei_yobidashi_20250313.csv
2025-03-19 18:44:54,922 [INFO] root: Successfully connected to the database.
2025-03-19 18:44:54,922 [INFO] root: Starting explicit transaction.
2025-03-19 18:44:55,407 [INFO] root: Data processing completed successfully. Committing transaction.
2025-03-19 18:44:55,407 [INFO] root: Session closed.
2025-03-19 18:44:55,408 [INFO] root: Found round: ラウンド01 in category ドア
2025-03-19 18:44:55,422 [INFO] root: Processing CSV files in C:\Users\nguyen-duy-phong\Downloads\infura_data\0314\ドア\ラウンド01 for category ドア
2025-03-19 18:44:55,428 [INFO] root: Successfully read and processed CSV file: C:\Users\nguyen-duy-phong\Downloads\infura_data\0314\ドア\ラウンド01\ボ欠時間\2025\03\door_r01_boketsu_20250313.csv
2025-03-19 18:44:55,434 [INFO] root: Successfully read and processed CSV file: C:\Users\nguyen-duy-phong\Downloads\infura_data\0314\ドア\ラウンド01\ボ満時間\2025\03\door_r01_boman_20250313.csv
2025-03-19 18:44:55,438 [INFO] root: Successfully read and processed CSV file: C:\Users\nguyen-duy-phong\Downloads\infura_data\0314\ドア\ラウンド01\台数\2025\03\door_r01_daisu_20250313.csv
2025-03-19 18:44:55,448 [INFO] root: Successfully read and processed CSV file: C:\Users\nguyen-duy-phong\Downloads\infura_data\0314\ドア\ラウンド01\異常停止時間\2025\03\door_r01_em_time_20250313.csv
2025-03-19 18:44:55,453 [INFO] root: Successfully read and processed CSV file: C:\Users\nguyen-duy-phong\Downloads\infura_data\0314\ドア\ラウンド01\職制呼出回数\2025\03\door_r01_shokusei_yobidashi_20250313.csv
2025-03-19 18:44:55,462 [INFO] root: Successfully read and processed CSV file: C:\Users\nguyen-duy-phong\Downloads\infura_data\0314\ドア\ラウンド01\職制呼出時間\2025\03\door_r01_sei_yobidashi_20250313.csv
2025-03-19 18:44:55,481 [INFO] root: Successfully connected to the database.
2025-03-19 18:44:55,482 [INFO] root: Starting explicit transaction.
2025-03-19 18:44:55,496 [INFO] root: Successfully inserted id_master data for door_page_data1. IDs: [1, 2, 3, 4, 5, 6, 7, 8]
2025-03-19 18:44:55,500 [INFO] root: Successfully inserted id_master data for door_page_data2. IDs: [9, 10, 11, 12, 13, 14, 15, 16]
2025-03-19 18:44:55,531 [INFO] root: Successfully inserted model data using DoorPageData1Mapper
2025-03-19 18:44:55,538 [INFO] root: Successfully inserted model data using DoorPageData2Mapper
2025-03-19 18:44:55,539 [INFO] root: Successfully processed door data.
2025-03-19 18:44:55,539 [INFO] root: Successfully processed door data.
2025-03-19 18:44:55,541 [INFO] root: Data processing completed successfully. Committing transaction.
2025-03-19 18:44:55,541 [INFO] root: Session closed.
2025-03-19 18:55:56,915 [INFO] root: Found category: UB
2025-03-19 18:55:56,916 [INFO] root: Found category: ドア
2025-03-19 18:55:56,917 [INFO] root: Found round: ラウンド01 in category UB
2025-03-19 18:55:56,926 [INFO] root: Processing CSV files in C:\Users\nguyen-duy-phong\Downloads\infura_data\0314\UB\ラウンド01 for category UB
2025-03-19 18:55:56,973 [INFO] root: Successfully read and processed CSV file: C:\Users\nguyen-duy-phong\Downloads\infura_data\0314\UB\ラウンド01\ボ欠時間\2025\03\ub_r01_boketsu_20250313.csv
2025-03-19 18:55:56,980 [INFO] root: Successfully read and processed CSV file: C:\Users\nguyen-duy-phong\Downloads\infura_data\0314\UB\ラウンド01\ボ満時間\2025\03\ub_r01_boman_20250313.csv
2025-03-19 18:55:56,983 [INFO] root: Successfully read and processed CSV file: C:\Users\nguyen-duy-phong\Downloads\infura_data\0314\UB\ラウンド01\台数\2025\03\ub_r01_daisu_20250313.csv
2025-03-19 18:55:56,992 [INFO] root: Successfully read and processed CSV file: C:\Users\nguyen-duy-phong\Downloads\infura_data\0314\UB\ラウンド01\異常停止時間\2025\03\ub_r01_em_time_20250313.csv
2025-03-19 18:55:57,010 [INFO] root: Successfully read and processed CSV file: C:\Users\nguyen-duy-phong\Downloads\infura_data\0314\UB\ラウンド01\職制呼出回数\2025\03\ub_r01_shokusei_yobidashi_20250313.csv
2025-03-19 18:55:57,018 [INFO] root: Successfully read and processed CSV file: C:\Users\nguyen-duy-phong\Downloads\infura_data\0314\UB\ラウンド01\職制呼出時間\2025\03\ub_r01_sei_yobidashi_20250313.csv
2025-03-19 18:55:57,071 [INFO] root: Successfully connected to the database.
2025-03-19 18:55:57,072 [INFO] root: Starting explicit transaction.
2025-03-19 18:55:57,202 [INFO] root: Successfully inserted id_master data for under_body_page_data1. IDs: [17, 18, 19, 20, 21, 22, 23]
2025-03-19 18:55:57,204 [INFO] root: Successfully inserted id_master data for under_body_page_data2. IDs: [24, 25, 26, 27, 28, 29, 30]
2025-03-19 18:55:57,207 [INFO] root: Successfully inserted id_master data for under_body_page_data3. IDs: [31, 32, 33, 34, 35, 36, 37]
2025-03-19 18:55:57,229 [INFO] root: Successfully inserted model data using UnderBodyPageData1Mapper
2025-03-19 18:55:57,241 [INFO] root: Successfully inserted model data using UnderBodyPageData2Mapper
2025-03-19 18:55:57,249 [INFO] root: Successfully inserted model data using UnderBodyPageData3Mapper
2025-03-19 18:55:57,250 [INFO] root: Successfully processed under body data.
2025-03-19 18:55:57,293 [INFO] root: Data processing completed successfully. Committing transaction.
2025-03-19 18:55:57,294 [INFO] root: Session closed.
2025-03-19 18:55:57,296 [INFO] root: Found round: ラウンド01 in category ドア
2025-03-19 18:55:57,321 [INFO] root: Processing CSV files in C:\Users\nguyen-duy-phong\Downloads\infura_data\0314\ドア\ラウンド01 for category ドア
2025-03-19 18:55:57,331 [INFO] root: Successfully read and processed CSV file: C:\Users\nguyen-duy-phong\Downloads\infura_data\0314\ドア\ラウンド01\ボ欠時間\2025\03\door_r01_boketsu_20250313.csv
2025-03-19 18:55:57,344 [INFO] root: Successfully read and processed CSV file: C:\Users\nguyen-duy-phong\Downloads\infura_data\0314\ドア\ラウンド01\ボ満時間\2025\03\door_r01_boman_20250313.csv
2025-03-19 18:55:57,349 [INFO] root: Successfully read and processed CSV file: C:\Users\nguyen-duy-phong\Downloads\infura_data\0314\ドア\ラウンド01\台数\2025\03\door_r01_daisu_20250313.csv
2025-03-19 18:55:57,357 [INFO] root: Successfully read and processed CSV file: C:\Users\nguyen-duy-phong\Downloads\infura_data\0314\ドア\ラウンド01\異常停止時間\2025\03\door_r01_em_time_20250313.csv
2025-03-19 18:55:57,361 [INFO] root: Successfully read and processed CSV file: C:\Users\nguyen-duy-phong\Downloads\infura_data\0314\ドア\ラウンド01\職制呼出回数\2025\03\door_r01_shokusei_yobidashi_20250313.csv
2025-03-19 18:55:57,366 [INFO] root: Successfully read and processed CSV file: C:\Users\nguyen-duy-phong\Downloads\infura_data\0314\ドア\ラウンド01\職制呼出時間\2025\03\door_r01_sei_yobidashi_20250313.csv
2025-03-19 18:55:57,389 [INFO] root: Successfully connected to the database.
2025-03-19 18:55:57,390 [INFO] root: Starting explicit transaction.
2025-03-19 18:55:57,398 [INFO] root: Successfully inserted id_master data for door_page_data1. IDs: [38, 39, 40, 41, 42, 43, 44, 45]
2025-03-19 18:55:57,402 [INFO] root: Successfully inserted id_master data for door_page_data2. IDs: [46, 47, 48, 49, 50, 51, 52, 53]
2025-03-19 18:55:57,415 [INFO] root: Successfully inserted model data using DoorPageData1Mapper
2025-03-19 18:55:57,424 [INFO] root: Successfully inserted model data using DoorPageData2Mapper
2025-03-19 18:55:57,425 [INFO] root: Successfully processed door data.
2025-03-19 18:55:57,427 [INFO] root: Data processing completed successfully. Committing transaction.
2025-03-19 18:55:57,428 [INFO] root: Session closed.
2025-03-19 19:09:15,584 [INFO] root: Found category: UB
2025-03-19 19:09:15,584 [INFO] root: Found category: ドア
2025-03-19 19:09:15,584 [INFO] root: Found round: ラウンド01 in category UB
2025-03-19 19:09:15,584 [INFO] root: Processing CSV files in C:\Users\nguyen-duy-phong\Downloads\infura_data\0314\UB\ラウンド01 for category UB
2025-03-19 19:09:15,604 [INFO] root: Successfully read and processed CSV file: C:\Users\nguyen-duy-phong\Downloads\infura_data\0314\UB\ラウンド01\ボ欠時間\2025\03\ub_r01_boketsu_20250313.csv
2025-03-19 19:09:15,607 [INFO] root: Successfully read and processed CSV file: C:\Users\nguyen-duy-phong\Downloads\infura_data\0314\UB\ラウンド01\ボ満時間\2025\03\ub_r01_boman_20250313.csv
2025-03-19 19:09:15,607 [INFO] root: Successfully read and processed CSV file: C:\Users\nguyen-duy-phong\Downloads\infura_data\0314\UB\ラウンド01\台数\2025\03\ub_r01_daisu_20250313.csv
2025-03-19 19:09:15,607 [INFO] root: Successfully read and processed CSV file: C:\Users\nguyen-duy-phong\Downloads\infura_data\0314\UB\ラウンド01\異常停止時間\2025\03\ub_r01_em_time_20250313.csv
2025-03-19 19:09:15,623 [INFO] root: Successfully read and processed CSV file: C:\Users\nguyen-duy-phong\Downloads\infura_data\0314\UB\ラウンド01\職制呼出回数\2025\03\ub_r01_shokusei_yobidashi_20250313.csv
2025-03-19 19:09:15,630 [INFO] root: Successfully read and processed CSV file: C:\Users\nguyen-duy-phong\Downloads\infura_data\0314\UB\ラウンド01\職制呼出時間\2025\03\ub_r01_sei_yobidashi_20250313.csv
2025-03-19 19:09:15,640 [INFO] root: Found round: ラウンド01 in category ドア
2025-03-19 19:09:15,651 [INFO] root: Processing CSV files in C:\Users\nguyen-duy-phong\Downloads\infura_data\0314\ドア\ラウンド01 for category ドア
2025-03-19 19:09:15,656 [INFO] root: Successfully read and processed CSV file: C:\Users\nguyen-duy-phong\Downloads\infura_data\0314\ドア\ラウンド01\ボ欠時間\2025\03\door_r01_boketsu_20250313.csv
2025-03-19 19:09:15,661 [INFO] root: Successfully read and processed CSV file: C:\Users\nguyen-duy-phong\Downloads\infura_data\0314\ドア\ラウンド01\ボ満時間\2025\03\door_r01_boman_20250313.csv
2025-03-19 19:09:15,661 [INFO] root: Successfully read and processed CSV file: C:\Users\nguyen-duy-phong\Downloads\infura_data\0314\ドア\ラウンド01\台数\2025\03\door_r01_daisu_20250313.csv
2025-03-19 19:09:15,667 [INFO] root: Successfully read and processed CSV file: C:\Users\nguyen-duy-phong\Downloads\infura_data\0314\ドア\ラウンド01\異常停止時間\2025\03\door_r01_em_time_20250313.csv
2025-03-19 19:09:15,674 [INFO] root: Successfully read and processed CSV file: C:\Users\nguyen-duy-phong\Downloads\infura_data\0314\ドア\ラウンド01\職制呼出回数\2025\03\door_r01_shokusei_yobidashi_20250313.csv
2025-03-19 19:09:15,680 [INFO] root: Successfully read and processed CSV file: C:\Users\nguyen-duy-phong\Downloads\infura_data\0314\ドア\ラウンド01\職制呼出時間\2025\03\door_r01_sei_yobidashi_20250313.csv
2025-03-19 19:11:37,150 [INFO] root: Found category: UB
2025-03-19 19:11:37,151 [INFO] root: Found category: ドア
2025-03-19 19:11:37,151 [INFO] root: Found round: ラウンド01 in category UB
2025-03-19 19:11:37,155 [INFO] root: Processing CSV files in C:\Users\nguyen-duy-phong\Downloads\infura_data\0314\UB\ラウンド01 for category UB
2025-03-19 19:11:37,165 [INFO] root: Successfully read and processed CSV file: C:\Users\nguyen-duy-phong\Downloads\infura_data\0314\UB\ラウンド01\ボ欠時間\2025\03\ub_r01_boketsu_20250313.csv
2025-03-19 19:11:37,170 [INFO] root: Successfully read and processed CSV file: C:\Users\nguyen-duy-phong\Downloads\infura_data\0314\UB\ラウンド01\ボ満時間\2025\03\ub_r01_boman_20250313.csv
2025-03-19 19:11:37,172 [INFO] root: Successfully read and processed CSV file: C:\Users\nguyen-duy-phong\Downloads\infura_data\0314\UB\ラウンド01\台数\2025\03\ub_r01_daisu_20250313.csv
2025-03-19 19:11:37,179 [INFO] root: Successfully read and processed CSV file: C:\Users\nguyen-duy-phong\Downloads\infura_data\0314\UB\ラウンド01\異常停止時間\2025\03\ub_r01_em_time_20250313.csv
2025-03-19 19:11:37,187 [INFO] root: Successfully read and processed CSV file: C:\Users\nguyen-duy-phong\Downloads\infura_data\0314\UB\ラウンド01\職制呼出回数\2025\03\ub_r01_shokusei_yobidashi_20250313.csv
2025-03-19 19:11:37,203 [INFO] root: Successfully read and processed CSV file: C:\Users\nguyen-duy-phong\Downloads\infura_data\0314\UB\ラウンド01\職制呼出時間\2025\03\ub_r01_sei_yobidashi_20250313.csv
2025-03-19 19:11:37,220 [ERROR] root: Failed to process dataframe: [Errno 13] Permission denied: 'merged_df_forUBラウンド01.csv'
Traceback (most recent call last):
  File "c:\Users\nguyen-duy-phong\Documents\inabe_lstm_app\SQL\main_app.py", line 138, in process_csv_files
    merged_df.to_csv(output_file,  encoding="shift-jis",index=False)
  File "C:\Users\nguyen-duy-phong\Documents\inabe_lstm_app\.venv\Lib\site-packages\pandas\util\_decorators.py", line 333, in wrapper
    return func(*args, **kwargs)
           ^^^^^^^^^^^^^^^^^^^^^
  File "C:\Users\nguyen-duy-phong\Documents\inabe_lstm_app\.venv\Lib\site-packages\pandas\core\generic.py", line 3967, in to_csv
    return DataFrameRenderer(formatter).to_csv(
           ^^^^^^^^^^^^^^^^^^^^^^^^^^^^^^^^^^^^
  File "C:\Users\nguyen-duy-phong\Documents\inabe_lstm_app\.venv\Lib\site-packages\pandas\io\formats\format.py", line 1014, in to_csv
    csv_formatter.save()
  File "C:\Users\nguyen-duy-phong\Documents\inabe_lstm_app\.venv\Lib\site-packages\pandas\io\formats\csvs.py", line 251, in save
    with get_handle(
         ^^^^^^^^^^^
  File "C:\Users\nguyen-duy-phong\Documents\inabe_lstm_app\.venv\Lib\site-packages\pandas\io\common.py", line 873, in get_handle
    handle = open(
             ^^^^^
PermissionError: [Errno 13] Permission denied: 'merged_df_forUBラウンド01.csv'
2025-03-19 19:11:37,261 [INFO] root: Found round: ラウンド01 in category ドア
2025-03-19 19:11:37,264 [INFO] root: Processing CSV files in C:\Users\nguyen-duy-phong\Downloads\infura_data\0314\ドア\ラウンド01 for category ドア
2025-03-19 19:11:37,268 [INFO] root: Successfully read and processed CSV file: C:\Users\nguyen-duy-phong\Downloads\infura_data\0314\ドア\ラウンド01\ボ欠時間\2025\03\door_r01_boketsu_20250313.csv
2025-03-19 19:11:37,273 [INFO] root: Successfully read and processed CSV file: C:\Users\nguyen-duy-phong\Downloads\infura_data\0314\ドア\ラウンド01\ボ満時間\2025\03\door_r01_boman_20250313.csv
2025-03-19 19:11:37,275 [INFO] root: Successfully read and processed CSV file: C:\Users\nguyen-duy-phong\Downloads\infura_data\0314\ドア\ラウンド01\台数\2025\03\door_r01_daisu_20250313.csv
2025-03-19 19:11:37,280 [INFO] root: Successfully read and processed CSV file: C:\Users\nguyen-duy-phong\Downloads\infura_data\0314\ドア\ラウンド01\異常停止時間\2025\03\door_r01_em_time_20250313.csv
2025-03-19 19:11:37,285 [INFO] root: Successfully read and processed CSV file: C:\Users\nguyen-duy-phong\Downloads\infura_data\0314\ドア\ラウンド01\職制呼出回数\2025\03\door_r01_shokusei_yobidashi_20250313.csv
2025-03-19 19:11:37,289 [INFO] root: Successfully read and processed CSV file: C:\Users\nguyen-duy-phong\Downloads\infura_data\0314\ドア\ラウンド01\職制呼出時間\2025\03\door_r01_sei_yobidashi_20250313.csv
2025-03-19 19:11:37,303 [INFO] root: Successfully connected to the database.
2025-03-19 19:11:37,304 [INFO] root: Starting explicit transaction.
2025-03-19 19:11:37,418 [INFO] root: Successfully inserted id_master data for door_page_data1. IDs: [54, 55, 56, 57, 58, 59, 60, 61]
2025-03-19 19:11:37,421 [INFO] root: Successfully inserted id_master data for door_page_data2. IDs: [62, 63, 64, 65, 66, 67, 68, 69]
2025-03-19 19:11:37,442 [INFO] root: Successfully inserted model data using DoorPageData1Mapper
2025-03-19 19:11:37,448 [INFO] root: Successfully inserted model data using DoorPageData2Mapper
2025-03-19 19:11:37,449 [INFO] root: Successfully processed door data.
2025-03-19 19:11:37,454 [INFO] root: Data processing completed successfully. Committing transaction.
2025-03-19 19:11:37,454 [INFO] root: Session closed.
2025-03-19 19:12:12,214 [INFO] root: Found category: UB
2025-03-19 19:12:12,214 [INFO] root: Found category: ドア
2025-03-19 19:12:12,214 [INFO] root: Found round: ラウンド01 in category UB
2025-03-19 19:12:12,218 [INFO] root: Processing CSV files in C:\Users\nguyen-duy-phong\Downloads\infura_data\0314\UB\ラウンド01 for category UB
2025-03-19 19:12:12,227 [INFO] root: Successfully read and processed CSV file: C:\Users\nguyen-duy-phong\Downloads\infura_data\0314\UB\ラウンド01\ボ欠時間\2025\03\ub_r01_boketsu_20250313.csv
2025-03-19 19:12:12,233 [INFO] root: Successfully read and processed CSV file: C:\Users\nguyen-duy-phong\Downloads\infura_data\0314\UB\ラウンド01\ボ満時間\2025\03\ub_r01_boman_20250313.csv
2025-03-19 19:12:12,235 [INFO] root: Successfully read and processed CSV file: C:\Users\nguyen-duy-phong\Downloads\infura_data\0314\UB\ラウンド01\台数\2025\03\ub_r01_daisu_20250313.csv
2025-03-19 19:12:12,240 [INFO] root: Successfully read and processed CSV file: C:\Users\nguyen-duy-phong\Downloads\infura_data\0314\UB\ラウンド01\異常停止時間\2025\03\ub_r01_em_time_20250313.csv
2025-03-19 19:12:12,246 [INFO] root: Successfully read and processed CSV file: C:\Users\nguyen-duy-phong\Downloads\infura_data\0314\UB\ラウンド01\職制呼出回数\2025\03\ub_r01_shokusei_yobidashi_20250313.csv
2025-03-19 19:12:12,251 [INFO] root: Successfully read and processed CSV file: C:\Users\nguyen-duy-phong\Downloads\infura_data\0314\UB\ラウンド01\職制呼出時間\2025\03\ub_r01_sei_yobidashi_20250313.csv
2025-03-19 19:12:12,267 [INFO] root: Successfully connected to the database.
2025-03-19 19:12:12,267 [INFO] root: Starting explicit transaction.
2025-03-19 19:12:12,630 [INFO] root: Successfully inserted id_master data for under_body_page_data1. IDs: [70, 71, 72, 73, 74, 75, 76]
2025-03-19 19:12:12,634 [INFO] root: Successfully inserted id_master data for under_body_page_data2. IDs: [77, 78, 79, 80, 81, 82, 83]
2025-03-19 19:12:12,637 [INFO] root: Successfully inserted id_master data for under_body_page_data3. IDs: [84, 85, 86, 87, 88, 89, 90]
2025-03-19 19:12:12,662 [INFO] root: Successfully inserted model data using UnderBodyPageData1Mapper
2025-03-19 19:12:12,669 [INFO] root: Successfully inserted model data using UnderBodyPageData2Mapper
2025-03-19 19:12:12,677 [INFO] root: Successfully inserted model data using UnderBodyPageData3Mapper
2025-03-19 19:12:12,677 [INFO] root: Successfully processed under body data.
2025-03-19 19:12:12,683 [INFO] root: Data processing completed successfully. Committing transaction.
2025-03-19 19:12:12,684 [INFO] root: Session closed.
2025-03-19 19:12:12,684 [INFO] root: Found round: ラウンド01 in category ドア
2025-03-19 19:12:12,688 [INFO] root: Processing CSV files in C:\Users\nguyen-duy-phong\Downloads\infura_data\0314\ドア\ラウンド01 for category ドア
2025-03-19 19:12:12,694 [INFO] root: Successfully read and processed CSV file: C:\Users\nguyen-duy-phong\Downloads\infura_data\0314\ドア\ラウンド01\ボ欠時間\2025\03\door_r01_boketsu_20250313.csv
2025-03-19 19:12:12,699 [INFO] root: Successfully read and processed CSV file: C:\Users\nguyen-duy-phong\Downloads\infura_data\0314\ドア\ラウンド01\ボ満時間\2025\03\door_r01_boman_20250313.csv
2025-03-19 19:12:12,703 [INFO] root: Successfully read and processed CSV file: C:\Users\nguyen-duy-phong\Downloads\infura_data\0314\ドア\ラウンド01\台数\2025\03\door_r01_daisu_20250313.csv
2025-03-19 19:12:12,710 [INFO] root: Successfully read and processed CSV file: C:\Users\nguyen-duy-phong\Downloads\infura_data\0314\ドア\ラウンド01\異常停止時間\2025\03\door_r01_em_time_20250313.csv
2025-03-19 19:12:12,716 [INFO] root: Successfully read and processed CSV file: C:\Users\nguyen-duy-phong\Downloads\infura_data\0314\ドア\ラウンド01\職制呼出回数\2025\03\door_r01_shokusei_yobidashi_20250313.csv
2025-03-19 19:12:12,721 [INFO] root: Successfully read and processed CSV file: C:\Users\nguyen-duy-phong\Downloads\infura_data\0314\ドア\ラウンド01\職制呼出時間\2025\03\door_r01_sei_yobidashi_20250313.csv
2025-03-19 19:12:12,753 [INFO] root: Successfully connected to the database.
2025-03-19 19:12:12,754 [INFO] root: Starting explicit transaction.
2025-03-19 19:12:12,764 [INFO] root: Successfully inserted id_master data for door_page_data1. IDs: [91, 92, 93, 94, 95, 96, 97, 98]
2025-03-19 19:12:12,768 [INFO] root: Successfully inserted id_master data for door_page_data2. IDs: [99, 100, 101, 102, 103, 104, 105, 106]
2025-03-19 19:12:12,780 [INFO] root: Successfully inserted model data using DoorPageData1Mapper
2025-03-19 19:12:12,788 [INFO] root: Successfully inserted model data using DoorPageData2Mapper
2025-03-19 19:12:12,789 [INFO] root: Successfully processed door data.
2025-03-19 19:12:12,793 [INFO] root: Data processing completed successfully. Committing transaction.
2025-03-19 19:12:12,795 [INFO] root: Session closed.
